<?xml version="1.0" encoding="UTF-8"?>
<!-- Generated by org.testng.reporters.JUnitReportReporter -->
<testsuite skipped="0" hostname="thripura-PC" name="maven.demo.SampleMavenProj.Demo" tests="1" failures="0" timestamp="17 Mar 2020 02:54:23 GMT" time="0.001" errors="0">
  <testcase name="test" time="0.001" classname="maven.demo.SampleMavenProj.Demo"/>
</testsuite> <!-- maven.demo.SampleMavenProj.Demo -->
