<?xml version="1.0" encoding="UTF-8"?>
<!-- Generated by org.testng.reporters.JUnitReportReporter -->
<testsuite skipped="0" hostname="thripura-PC" name="maven.demo.SampleMavenProj.TestDemo" tests="1" failures="0" timestamp="17 Mar 2020 02:54:23 GMT" time="0.021" errors="0">
  <testcase name="m1" time="0.021" classname="maven.demo.SampleMavenProj.TestDemo"/>
</testsuite> <!-- maven.demo.SampleMavenProj.TestDemo -->
