<?xml version="1.0" encoding="UTF-8"?>
<!-- Generated by org.testng.reporters.JUnitReportReporter -->
<testsuite skipped="0" hostname="thripura-PC" name="maven.demo.SampleMavenProj.TestDemo" tests="1" failures="0" timestamp="16 Mar 2020 16:54:59 GMT" time="13.477" errors="0">
  <testcase name="m1" time="13.477" classname="maven.demo.SampleMavenProj.TestDemo"/>
</testsuite> <!-- maven.demo.SampleMavenProj.TestDemo -->
