<?xml version="1.0" encoding="UTF-8"?>
<!-- Generated by org.testng.reporters.JUnitReportReporter -->
<testsuite skipped="0" hostname="thripura-PC" name="maven.demo.SampleMavenProj.ThirdTest" tests="1" failures="0" timestamp="17 Mar 2020 02:54:23 GMT" time="0.003" errors="0">
  <testcase name="m3" time="0.003" classname="maven.demo.SampleMavenProj.ThirdTest"/>
</testsuite> <!-- maven.demo.SampleMavenProj.ThirdTest -->
